{"level":"warn","message":"Ruta /babel/parser/lib/index.js - método GET - no existe"}
{"level":"warn","message":"Ruta /api/carritos/productos - método DELETE - no existe"}
{"level":"warn","message":"Ruta /logout - método DELETE - no existe"}
{"level":"warn","message":"Ruta /logout - método DELETE - no existe"}
{"level":"warn","message":"Ruta /session - método GET - no existe"}
{"level":"warn","message":"Ruta /users/login - método POST - no existe"}
{"level":"warn","message":"Ruta /users/ - método POST - no existe"}
{"level":"warn","message":"Ruta /users/login - método POST - no existe"}
{"level":"warn","message":"Ruta /api/productos/1354 - método GET - no existe"}
{"level":"warn","message":"Ruta /api/productos/ - método PUT - no existe"}
{"level":"warn","message":"Ruta /api/faker/productos - método GET - no existe"}
{"level":"warn","message":"Ruta /api/faker/productos - método POST - no existe"}
{"level":"warn","message":"Ruta /api/fake/productos - método POST - no existe"}
{"level":"warn","message":"Ruta /api/users/login - método DELETE - no existe"}
{"level":"warn","message":"Ruta /api/users/logged - método DELETE - no existe"}
{"level":"warn","message":"Ruta /api/users/login - método GET - no existe"}
{"level":"warn","message":"Ruta /api/users/logged - método POST - no existe"}
{"level":"warn","message":"Ruta /api/users/logout - método GET - no existe"}
{"level":"warn","message":"Ruta /api/users - método POST - no existe"}
{"level":"warn","message":"Ruta /api/users/signin - método POST - no existe"}
{"level":"warn","message":"Ruta /api/users/signin - método POST - no existe"}
{"level":"warn","message":"Ruta /api/users/isLogged - método GET - no existe"}
{"level":"warn","message":"Ruta /favicon.ico - método GET - no existe"}
{"level":"warn","message":"Ruta /favicon.ico - método GET - no existe"}
{"level":"warn","message":"Ruta /favicon.ico - método GET - no existe"}
{"level":"warn","message":"Ruta /api/carritos/%7BidCarrito%7D/productos - método POST - no existe"}
{"level":"warn","message":"Ruta /api/users/session - método GET - no existe"}
{"level":"warn","message":"Ruta /api/users/session - método GET - no existe"}
{"level":"warn","message":"Ruta /api/users/session - método POST - no existe"}
{"level":"warn","message":"Ruta /api/users/delete/63b4451f7fcafe095caa3e53 - método DELETE - no existe"}
{"level":"warn","message":"Ruta /api/users/delete/63b4451f7fcafe095caa3e53 - método DELETE - no existe"}
{"level":"warn","message":"Ruta /api/users/delete - método DELETE - no existe"}
{"level":"warn","message":"Ruta /api/users/delete/63b4451f7fcafe095caa3e53 - método DELETE - no existe"}
{"level":"warn","message":"Ruta /api/users/signup - método GET - no existe"}
{"level":"warn","message":"Ruta /fake/pedidos/5 - método POST - no existe"}
{"level":"warn","message":"Ruta /fake/productos - método POST - no existe"}
{"level":"warn","message":"Ruta /fake/productos/ - método POST - no existe"}
{"level":"warn","message":"Ruta /fake/productos?cantidad=2 - método POST - no existe"}
{"level":"warn","message":"Ruta /api/productos/categorias/Ropa - método GET - no existe"}
{"level":"warn","message":"Ruta / - método GET - no existe"}
{"level":"warn","message":"Ruta /HNAP1/ - método GET - no existe"}
{"level":"warn","message":"Ruta /requested.html - método GET - no existe"}
{"level":"warn","message":"Ruta /api/pedidos/63b5bf525cc77d3cdc61dabd - método GET - no existe"}
{"level":"warn","message":"Ruta /info - método GET - no existe"}
{"level":"warn","message":"Ruta / - método GET - no existe"}
{"level":"warn","message":"Ruta /HNAP1/ - método GET - no existe"}
{"level":"warn","message":"Ruta /requested.html - método GET - no existe"}
